<?xml version="1.0" encoding="UTF-8"?>
<!-- Generated by org.testng.reporters.JUnitReportReporter -->
<testsuite hostname="nahian-PC" name="com.nahian.PracticeProject.ScrollTest.Scroll" tests="2" failures="0" timestamp="21 Aug 2017 17:42:17 GMT" time="8.194" errors="0">
  <testcase name="scrollingToBottomofAPage" time="3.115" classname="com.nahian.PracticeProject.ScrollTest.Scroll"/>
  <testcase name="scrollingByCoordinatesofAPage" time="5.079" classname="com.nahian.PracticeProject.ScrollTest.Scroll"/>
</testsuite> <!-- com.nahian.PracticeProject.ScrollTest.Scroll -->
