<?xml version="1.0" encoding="UTF-8"?>
<!-- Generated by org.testng.reporters.JUnitReportReporter -->
<testsuite hostname="nahian-PC" name="com.nahian.PracticeProject.Utils.DriverExecution" tests="1" failures="0" timestamp="17 Aug 2017 15:24:49 GMT" time="0.055" errors="0">
  <testcase name="testexecution" time="0.055" classname="com.nahian.PracticeProject.Utils.DriverExecution"/>
</testsuite> <!-- com.nahian.PracticeProject.Utils.DriverExecution -->
